

2017-03-05 23:48:36.067  INFO 50137 --- [           main] spring.guides.hello.HelloApplication     : Let's inspect the beans provided by Spring Boot:
2017-03-05 23:48:36.068  INFO 50137 --- [           main] spring.guides.hello.HelloApplication     : actuatorMetricReader
2017-03-05 23:48:36.068  INFO 50137 --- [           main] spring.guides.hello.HelloApplication     : applicationContextIdFilter
2017-03-05 23:48:36.068  INFO 50137 --- [           main] spring.guides.hello.HelloApplication     : auditEventRepository
2017-03-05 23:48:36.068  INFO 50137 --- [           main] spring.guides.hello.HelloApplication     : auditListener
2017-03-05 23:48:36.068  INFO 50137 --- [           main] spring.guides.hello.HelloApplication     : autoConfigurationReportEndpoint
2017-03-05 23:48:36.068  INFO 50137 --- [           main] spring.guides.hello.HelloApplication     : basicErrorController
2017-03-05 23:48:36.068  INFO 50137 --- [           main] spring.guides.hello.HelloApplication     : beanNameHandlerMapping
2017-03-05 23:48:36.068  INFO 50137 --- [           main] spring.guides.hello.HelloApplication     : beanNameViewResolver
2017-03-05 23:48:36.068  INFO 50137 --- [           main] spring.guides.hello.HelloApplication     : beansEndpoint
2017-03-05 23:48:36.068  INFO 50137 --- [           main] spring.guides.hello.HelloApplication     : characterEncodingFilter
2017-03-05 23:48:36.068  INFO 50137 --- [           main] spring.guides.hello.HelloApplication     : commandLineRunner
2017-03-05 23:48:36.068  INFO 50137 --- [           main] spring.guides.hello.HelloApplication     : configurationPropertiesReportEndpoint
2017-03-05 23:48:36.068  INFO 50137 --- [           main] spring.guides.hello.HelloApplication     : conventionErrorViewResolver
2017-03-05 23:48:36.069  INFO 50137 --- [           main] spring.guides.hello.HelloApplication     : counterBuffers
2017-03-05 23:48:36.069  INFO 50137 --- [           main] spring.guides.hello.HelloApplication     : counterService
2017-03-05 23:48:36.069  INFO 50137 --- [           main] spring.guides.hello.HelloApplication     : defaultServletHandlerMapping
2017-03-05 23:48:36.069  INFO 50137 --- [           main] spring.guides.hello.HelloApplication     : defaultViewResolver
2017-03-05 23:48:36.069  INFO 50137 --- [           main] spring.guides.hello.HelloApplication     : diskSpaceHealthIndicator
2017-03-05 23:48:36.069  INFO 50137 --- [           main] spring.guides.hello.HelloApplication     : diskSpaceHealthIndicatorProperties
2017-03-05 23:48:36.069  INFO 50137 --- [           main] spring.guides.hello.HelloApplication     : dispatcherServlet
2017-03-05 23:48:36.069  INFO 50137 --- [           main] spring.guides.hello.HelloApplication     : dispatcherServletRegistration
2017-03-05 23:48:36.069  INFO 50137 --- [           main] spring.guides.hello.HelloApplication     : dumpEndpoint
2017-03-05 23:48:36.069  INFO 50137 --- [           main] spring.guides.hello.HelloApplication     : duplicateServerPropertiesDetector
2017-03-05 23:48:36.069  INFO 50137 --- [           main] spring.guides.hello.HelloApplication     : embeddedServletContainerCustomizerBeanPostProcessor
2017-03-05 23:48:36.069  INFO 50137 --- [           main] spring.guides.hello.HelloApplication     : endpointHandlerMapping
2017-03-05 23:48:36.069  INFO 50137 --- [           main] spring.guides.hello.HelloApplication     : endpointMBeanExporter
2017-03-05 23:48:36.069  INFO 50137 --- [           main] spring.guides.hello.HelloApplication     : endpoints-org.springframework.boot.actuate.endpoint.EndpointProperties
2017-03-05 23:48:36.069  INFO 50137 --- [           main] spring.guides.hello.HelloApplication     : endpoints.cors-org.springframework.boot.actuate.autoconfigure.EndpointCorsProperties
2017-03-05 23:48:36.069  INFO 50137 --- [           main] spring.guides.hello.HelloApplication     : endpoints.health-org.springframework.boot.actuate.autoconfigure.HealthMvcEndpointProperties
2017-03-05 23:48:36.069  INFO 50137 --- [           main] spring.guides.hello.HelloApplication     : endpoints.jmx-org.springframework.boot.actuate.autoconfigure.EndpointMBeanExportProperties
2017-03-05 23:48:36.069  INFO 50137 --- [           main] spring.guides.hello.HelloApplication     : endpoints.metrics.filter-org.springframework.boot.actuate.autoconfigure.MetricFilterProperties
2017-03-05 23:48:36.069  INFO 50137 --- [           main] spring.guides.hello.HelloApplication     : envInfoContributor
2017-03-05 23:48:36.069  INFO 50137 --- [           main] spring.guides.hello.HelloApplication     : environmentEndpoint
2017-03-05 23:48:36.070  INFO 50137 --- [           main] spring.guides.hello.HelloApplication     : environmentMvcEndpoint
2017-03-05 23:48:36.070  INFO 50137 --- [           main] spring.guides.hello.HelloApplication     : error
2017-03-05 23:48:36.070  INFO 50137 --- [           main] spring.guides.hello.HelloApplication     : errorAttributes
2017-03-05 23:48:36.070  INFO 50137 --- [           main] spring.guides.hello.HelloApplication     : errorPageCustomizer
2017-03-05 23:48:36.070  INFO 50137 --- [           main] spring.guides.hello.HelloApplication     : errorPageRegistrarBeanPostProcessor
2017-03-05 23:48:36.070  INFO 50137 --- [           main] spring.guides.hello.HelloApplication     : faviconHandlerMapping
2017-03-05 23:48:36.070  INFO 50137 --- [           main] spring.guides.hello.HelloApplication     : faviconRequestHandler
2017-03-05 23:48:36.070  INFO 50137 --- [           main] spring.guides.hello.HelloApplication     : gaugeBuffers
2017-03-05 23:48:36.070  INFO 50137 --- [           main] spring.guides.hello.HelloApplication     : gaugeService
2017-03-05 23:48:36.070  INFO 50137 --- [           main] spring.guides.hello.HelloApplication     : handlerExceptionResolver
2017-03-05 23:48:36.070  INFO 50137 --- [           main] spring.guides.hello.HelloApplication     : healthAggregator
2017-03-05 23:48:36.070  INFO 50137 --- [           main] spring.guides.hello.HelloApplication     : healthEndpoint
2017-03-05 23:48:36.070  INFO 50137 --- [           main] spring.guides.hello.HelloApplication     : healthMvcEndpoint
2017-03-05 23:48:36.070  INFO 50137 --- [           main] spring.guides.hello.HelloApplication     : heapdumpMvcEndpoint
2017-03-05 23:48:36.070  INFO 50137 --- [           main] spring.guides.hello.HelloApplication     : helloApplication
2017-03-05 23:48:36.070  INFO 50137 --- [           main] spring.guides.hello.HelloApplication     : helloController
2017-03-05 23:48:36.070  INFO 50137 --- [           main] spring.guides.hello.HelloApplication     : hiddenHttpMethodFilter
2017-03-05 23:48:36.071  INFO 50137 --- [           main] spring.guides.hello.HelloApplication     : httpPutFormContentFilter
2017-03-05 23:48:36.071  INFO 50137 --- [           main] spring.guides.hello.HelloApplication     : httpRequestHandlerAdapter
2017-03-05 23:48:36.071  INFO 50137 --- [           main] spring.guides.hello.HelloApplication     : infoEndpoint
2017-03-05 23:48:36.071  INFO 50137 --- [           main] spring.guides.hello.HelloApplication     : jacksonObjectMapper
2017-03-05 23:48:36.071  INFO 50137 --- [           main] spring.guides.hello.HelloApplication     : jacksonObjectMapperBuilder
2017-03-05 23:48:36.071  INFO 50137 --- [           main] spring.guides.hello.HelloApplication     : jsonComponentModule
2017-03-05 23:48:36.071  INFO 50137 --- [           main] spring.guides.hello.HelloApplication     : localeCharsetMappingsCustomizer
2017-03-05 23:48:36.071  INFO 50137 --- [           main] spring.guides.hello.HelloApplication     : management.health.status-org.springframework.boot.actuate.autoconfigure.HealthIndicatorProperties
2017-03-05 23:48:36.071  INFO 50137 --- [           main] spring.guides.hello.HelloApplication     : management.info-org.springframework.boot.actuate.autoconfigure.InfoContributorProperties
2017-03-05 23:48:36.071  INFO 50137 --- [           main] spring.guides.hello.HelloApplication     : management.trace-org.springframework.boot.actuate.trace.TraceProperties
2017-03-05 23:48:36.071  INFO 50137 --- [           main] spring.guides.hello.HelloApplication     : managementContextResolver
2017-03-05 23:48:36.071  INFO 50137 --- [           main] spring.guides.hello.HelloApplication     : managementServerProperties
2017-03-05 23:48:36.071  INFO 50137 --- [           main] spring.guides.hello.HelloApplication     : managementServletContext
2017-03-05 23:48:36.071  INFO 50137 --- [           main] spring.guides.hello.HelloApplication     : mappingJackson2HttpMessageConverter
2017-03-05 23:48:36.071  INFO 50137 --- [           main] spring.guides.hello.HelloApplication     : mbeanExporter
2017-03-05 23:48:36.071  INFO 50137 --- [           main] spring.guides.hello.HelloApplication     : mbeanServer
2017-03-05 23:48:36.071  INFO 50137 --- [           main] spring.guides.hello.HelloApplication     : messageConverters
2017-03-05 23:48:36.071  INFO 50137 --- [           main] spring.guides.hello.HelloApplication     : metricReaderPublicMetrics
2017-03-05 23:48:36.071  INFO 50137 --- [           main] spring.guides.hello.HelloApplication     : metricWritersMetricExporter
2017-03-05 23:48:36.072  INFO 50137 --- [           main] spring.guides.hello.HelloApplication     : metricsEndpoint
2017-03-05 23:48:36.072  INFO 50137 --- [           main] spring.guides.hello.HelloApplication     : metricsFilter
2017-03-05 23:48:36.072  INFO 50137 --- [           main] spring.guides.hello.HelloApplication     : metricsMvcEndpoint
2017-03-05 23:48:36.072  INFO 50137 --- [           main] spring.guides.hello.HelloApplication     : multipartConfigElement
2017-03-05 23:48:36.072  INFO 50137 --- [           main] spring.guides.hello.HelloApplication     : multipartResolver
2017-03-05 23:48:36.072  INFO 50137 --- [           main] spring.guides.hello.HelloApplication     : mvcContentNegotiationManager
2017-03-05 23:48:36.072  INFO 50137 --- [           main] spring.guides.hello.HelloApplication     : mvcConversionService
2017-03-05 23:48:36.072  INFO 50137 --- [           main] spring.guides.hello.HelloApplication     : mvcEndpoints
2017-03-05 23:48:36.072  INFO 50137 --- [           main] spring.guides.hello.HelloApplication     : mvcPathMatcher
2017-03-05 23:48:36.072  INFO 50137 --- [           main] spring.guides.hello.HelloApplication     : mvcResourceUrlProvider
2017-03-05 23:48:36.073  INFO 50137 --- [           main] spring.guides.hello.HelloApplication     : mvcUriComponentsContributor
2017-03-05 23:48:36.073  INFO 50137 --- [           main] spring.guides.hello.HelloApplication     : mvcUrlPathHelper
2017-03-05 23:48:36.073  INFO 50137 --- [           main] spring.guides.hello.HelloApplication     : mvcValidator
2017-03-05 23:48:36.073  INFO 50137 --- [           main] spring.guides.hello.HelloApplication     : mvcViewResolver
2017-03-05 23:48:36.073  INFO 50137 --- [           main] spring.guides.hello.HelloApplication     : objectNamingStrategy
2017-03-05 23:48:36.073  INFO 50137 --- [           main] spring.guides.hello.HelloApplication     : org.springframework.boot.actuate.autoconfigure.AuditAutoConfiguration
2017-03-05 23:48:36.073  INFO 50137 --- [           main] spring.guides.hello.HelloApplication     : org.springframework.boot.actuate.autoconfigure.AuditAutoConfiguration$AuditEventRepositoryConfiguration
2017-03-05 23:48:36.077  INFO 50137 --- [           main] spring.guides.hello.HelloApplication     : org.springframework.boot.actuate.autoconfigure.EndpointAutoConfiguration
2017-03-05 23:48:36.077  INFO 50137 --- [           main] spring.guides.hello.HelloApplication     : org.springframework.boot.actuate.autoconfigure.EndpointAutoConfiguration$RequestMappingEndpointConfiguration
2017-03-05 23:48:36.077  INFO 50137 --- [           main] spring.guides.hello.HelloApplication     : org.springframework.boot.actuate.autoconfigure.EndpointMBeanExportAutoConfiguration
2017-03-05 23:48:36.078  INFO 50137 --- [           main] spring.guides.hello.HelloApplication     : org.springframework.boot.actuate.autoconfigure.EndpointWebMvcAutoConfiguration
2017-03-05 23:48:36.078  INFO 50137 --- [           main] spring.guides.hello.HelloApplication     : org.springframework.boot.actuate.autoconfigure.EndpointWebMvcAutoConfiguration$ApplicationContextFilterConfiguration
2017-03-05 23:48:36.078  INFO 50137 --- [           main] spring.guides.hello.HelloApplication     : org.springframework.boot.actuate.autoconfigure.EndpointWebMvcAutoConfiguration$EndpointWebMvcConfiguration
2017-03-05 23:48:36.078  INFO 50137 --- [           main] spring.guides.hello.HelloApplication     : org.springframework.boot.actuate.autoconfigure.EndpointWebMvcManagementContextConfiguration
2017-03-05 23:48:36.078  INFO 50137 --- [           main] spring.guides.hello.HelloApplication     : org.springframework.boot.actuate.autoconfigure.HealthIndicatorAutoConfiguration
2017-03-05 23:48:36.078  INFO 50137 --- [           main] spring.guides.hello.HelloApplication     : org.springframework.boot.actuate.autoconfigure.HealthIndicatorAutoConfiguration$DiskSpaceHealthIndicatorConfiguration
2017-03-05 23:48:36.078  INFO 50137 --- [           main] spring.guides.hello.HelloApplication     : org.springframework.boot.actuate.autoconfigure.InfoContributorAutoConfiguration
2017-03-05 23:48:36.078  INFO 50137 --- [           main] spring.guides.hello.HelloApplication     : org.springframework.boot.actuate.autoconfigure.ManagementServerPropertiesAutoConfiguration
2017-03-05 23:48:36.078  INFO 50137 --- [           main] spring.guides.hello.HelloApplication     : org.springframework.boot.actuate.autoconfigure.MetricExportAutoConfiguration
2017-03-05 23:48:36.078  INFO 50137 --- [           main] spring.guides.hello.HelloApplication     : org.springframework.boot.actuate.autoconfigure.MetricExportAutoConfiguration$MetricExportPropertiesConfiguration
2017-03-05 23:48:36.078  INFO 50137 --- [           main] spring.guides.hello.HelloApplication     : org.springframework.boot.actuate.autoconfigure.MetricExportAutoConfiguration$StatsdConfiguration
2017-03-05 23:48:36.078  INFO 50137 --- [           main] spring.guides.hello.HelloApplication     : org.springframework.boot.actuate.autoconfigure.MetricFilterAutoConfiguration
2017-03-05 23:48:36.078  INFO 50137 --- [           main] spring.guides.hello.HelloApplication     : org.springframework.boot.actuate.autoconfigure.MetricRepositoryAutoConfiguration
2017-03-05 23:48:36.078  INFO 50137 --- [           main] spring.guides.hello.HelloApplication     : org.springframework.boot.actuate.autoconfigure.MetricRepositoryAutoConfiguration$FastMetricServicesConfiguration
2017-03-05 23:48:36.078  INFO 50137 --- [           main] spring.guides.hello.HelloApplication     : org.springframework.boot.actuate.autoconfigure.PublicMetricsAutoConfiguration
2017-03-05 23:48:36.078  INFO 50137 --- [           main] spring.guides.hello.HelloApplication     : org.springframework.boot.actuate.autoconfigure.PublicMetricsAutoConfiguration$TomcatMetricsConfiguration
2017-03-05 23:48:36.078  INFO 50137 --- [           main] spring.guides.hello.HelloApplication     : org.springframework.boot.actuate.autoconfigure.TraceRepositoryAutoConfiguration
2017-03-05 23:48:36.078  INFO 50137 --- [           main] spring.guides.hello.HelloApplication     : org.springframework.boot.actuate.autoconfigure.TraceWebFilterAutoConfiguration
2017-03-05 23:48:36.079  INFO 50137 --- [           main] spring.guides.hello.HelloApplication     : org.springframework.boot.autoconfigure.AutoConfigurationPackages
2017-03-05 23:48:36.079  INFO 50137 --- [           main] spring.guides.hello.HelloApplication     : org.springframework.boot.autoconfigure.PropertyPlaceholderAutoConfiguration
2017-03-05 23:48:36.080  INFO 50137 --- [           main] spring.guides.hello.HelloApplication     : org.springframework.boot.autoconfigure.condition.BeanTypeRegistry
2017-03-05 23:48:36.080  INFO 50137 --- [           main] spring.guides.hello.HelloApplication     : org.springframework.boot.autoconfigure.context.ConfigurationPropertiesAutoConfiguration
2017-03-05 23:48:36.080  INFO 50137 --- [           main] spring.guides.hello.HelloApplication     : org.springframework.boot.autoconfigure.info.ProjectInfoAutoConfiguration
2017-03-05 23:48:36.080  INFO 50137 --- [           main] spring.guides.hello.HelloApplication     : org.springframework.boot.autoconfigure.internalCachingMetadataReaderFactory
2017-03-05 23:48:36.080  INFO 50137 --- [           main] spring.guides.hello.HelloApplication     : org.springframework.boot.autoconfigure.jackson.JacksonAutoConfiguration
2017-03-05 23:48:36.080  INFO 50137 --- [           main] spring.guides.hello.HelloApplication     : org.springframework.boot.autoconfigure.jackson.JacksonAutoConfiguration$Jackson2ObjectMapperBuilderCustomizerConfiguration
2017-03-05 23:48:36.080  INFO 50137 --- [           main] spring.guides.hello.HelloApplication     : org.springframework.boot.autoconfigure.jackson.JacksonAutoConfiguration$JacksonObjectMapperBuilderConfiguration
2017-03-05 23:48:36.080  INFO 50137 --- [           main] spring.guides.hello.HelloApplication     : org.springframework.boot.autoconfigure.jackson.JacksonAutoConfiguration$JacksonObjectMapperConfiguration
2017-03-05 23:48:36.080  INFO 50137 --- [           main] spring.guides.hello.HelloApplication     : org.springframework.boot.autoconfigure.jmx.JmxAutoConfiguration
2017-03-05 23:48:36.080  INFO 50137 --- [           main] spring.guides.hello.HelloApplication     : org.springframework.boot.autoconfigure.web.DispatcherServletAutoConfiguration
2017-03-05 23:48:36.080  INFO 50137 --- [           main] spring.guides.hello.HelloApplication     : org.springframework.boot.autoconfigure.web.DispatcherServletAutoConfiguration$DispatcherServletConfiguration
2017-03-05 23:48:36.080  INFO 50137 --- [           main] spring.guides.hello.HelloApplication     : org.springframework.boot.autoconfigure.web.DispatcherServletAutoConfiguration$DispatcherServletRegistrationConfiguration
2017-03-05 23:48:36.080  INFO 50137 --- [           main] spring.guides.hello.HelloApplication     : org.springframework.boot.autoconfigure.web.EmbeddedServletContainerAutoConfiguration
2017-03-05 23:48:36.080  INFO 50137 --- [           main] spring.guides.hello.HelloApplication     : org.springframework.boot.autoconfigure.web.EmbeddedServletContainerAutoConfiguration$EmbeddedTomcat
2017-03-05 23:48:36.080  INFO 50137 --- [           main] spring.guides.hello.HelloApplication     : org.springframework.boot.autoconfigure.web.ErrorMvcAutoConfiguration
2017-03-05 23:48:36.080  INFO 50137 --- [           main] spring.guides.hello.HelloApplication     : org.springframework.boot.autoconfigure.web.ErrorMvcAutoConfiguration$WhitelabelErrorViewConfiguration
2017-03-05 23:48:36.080  INFO 50137 --- [           main] spring.guides.hello.HelloApplication     : org.springframework.boot.autoconfigure.web.HttpEncodingAutoConfiguration
2017-03-05 23:48:36.080  INFO 50137 --- [           main] spring.guides.hello.HelloApplication     : org.springframework.boot.autoconfigure.web.HttpMessageConvertersAutoConfiguration
2017-03-05 23:48:36.080  INFO 50137 --- [           main] spring.guides.hello.HelloApplication     : org.springframework.boot.autoconfigure.web.HttpMessageConvertersAutoConfiguration$StringHttpMessageConverterConfiguration
2017-03-05 23:48:36.080  INFO 50137 --- [           main] spring.guides.hello.HelloApplication     : org.springframework.boot.autoconfigure.web.JacksonHttpMessageConvertersConfiguration
2017-03-05 23:48:36.080  INFO 50137 --- [           main] spring.guides.hello.HelloApplication     : org.springframework.boot.autoconfigure.web.JacksonHttpMessageConvertersConfiguration$MappingJackson2HttpMessageConverterConfiguration
2017-03-05 23:48:36.080  INFO 50137 --- [           main] spring.guides.hello.HelloApplication     : org.springframework.boot.autoconfigure.web.MultipartAutoConfiguration
2017-03-05 23:48:36.080  INFO 50137 --- [           main] spring.guides.hello.HelloApplication     : org.springframework.boot.autoconfigure.web.ServerPropertiesAutoConfiguration
2017-03-05 23:48:36.080  INFO 50137 --- [           main] spring.guides.hello.HelloApplication     : org.springframework.boot.autoconfigure.web.WebClientAutoConfiguration
2017-03-05 23:48:36.080  INFO 50137 --- [           main] spring.guides.hello.HelloApplication     : org.springframework.boot.autoconfigure.web.WebClientAutoConfiguration$RestTemplateConfiguration
2017-03-05 23:48:36.080  INFO 50137 --- [           main] spring.guides.hello.HelloApplication     : org.springframework.boot.autoconfigure.web.WebMvcAutoConfiguration
2017-03-05 23:48:36.080  INFO 50137 --- [           main] spring.guides.hello.HelloApplication     : org.springframework.boot.autoconfigure.web.WebMvcAutoConfiguration$EnableWebMvcConfiguration
2017-03-05 23:48:36.080  INFO 50137 --- [           main] spring.guides.hello.HelloApplication     : org.springframework.boot.autoconfigure.web.WebMvcAutoConfiguration$WebMvcAutoConfigurationAdapter
2017-03-05 23:48:36.080  INFO 50137 --- [           main] spring.guides.hello.HelloApplication     : org.springframework.boot.autoconfigure.web.WebMvcAutoConfiguration$WebMvcAutoConfigurationAdapter$FaviconConfiguration
2017-03-05 23:48:36.083  INFO 50137 --- [           main] spring.guides.hello.HelloApplication     : org.springframework.boot.autoconfigure.websocket.WebSocketAutoConfiguration
2017-03-05 23:48:36.084  INFO 50137 --- [           main] spring.guides.hello.HelloApplication     : org.springframework.boot.autoconfigure.websocket.WebSocketAutoConfiguration$TomcatWebSocketConfiguration
2017-03-05 23:48:36.084  INFO 50137 --- [           main] spring.guides.hello.HelloApplication     : org.springframework.boot.context.properties.ConfigurationPropertiesBindingPostProcessor
2017-03-05 23:48:36.084  INFO 50137 --- [           main] spring.guides.hello.HelloApplication     : org.springframework.boot.context.properties.ConfigurationPropertiesBindingPostProcessor.store
2017-03-05 23:48:36.084  INFO 50137 --- [           main] spring.guides.hello.HelloApplication     : org.springframework.context.annotation.internalAutowiredAnnotationProcessor
2017-03-05 23:48:36.084  INFO 50137 --- [           main] spring.guides.hello.HelloApplication     : org.springframework.context.annotation.internalCommonAnnotationProcessor
2017-03-05 23:48:36.084  INFO 50137 --- [           main] spring.guides.hello.HelloApplication     : org.springframework.context.annotation.internalConfigurationAnnotationProcessor
2017-03-05 23:48:36.084  INFO 50137 --- [           main] spring.guides.hello.HelloApplication     : org.springframework.context.annotation.internalRequiredAnnotationProcessor
2017-03-05 23:48:36.084  INFO 50137 --- [           main] spring.guides.hello.HelloApplication     : org.springframework.context.annotation.internalScheduledAnnotationProcessor
2017-03-05 23:48:36.084  INFO 50137 --- [           main] spring.guides.hello.HelloApplication     : org.springframework.context.event.internalEventListenerFactory
2017-03-05 23:48:36.084  INFO 50137 --- [           main] spring.guides.hello.HelloApplication     : org.springframework.context.event.internalEventListenerProcessor
2017-03-05 23:48:36.084  INFO 50137 --- [           main] spring.guides.hello.HelloApplication     : org.springframework.scheduling.annotation.SchedulingConfiguration
2017-03-05 23:48:36.084  INFO 50137 --- [           main] spring.guides.hello.HelloApplication     : preserveErrorControllerTargetClassPostProcessor
2017-03-05 23:48:36.084  INFO 50137 --- [           main] spring.guides.hello.HelloApplication     : propertySourcesPlaceholderConfigurer
2017-03-05 23:48:36.084  INFO 50137 --- [           main] spring.guides.hello.HelloApplication     : requestContextFilter
2017-03-05 23:48:36.084  INFO 50137 --- [           main] spring.guides.hello.HelloApplication     : requestMappingEndpoint
2017-03-05 23:48:36.084  INFO 50137 --- [           main] spring.guides.hello.HelloApplication     : requestMappingHandlerAdapter
2017-03-05 23:48:36.084  INFO 50137 --- [           main] spring.guides.hello.HelloApplication     : requestMappingHandlerMapping
2017-03-05 23:48:36.085  INFO 50137 --- [           main] spring.guides.hello.HelloApplication     : resourceHandlerMapping
2017-03-05 23:48:36.085  INFO 50137 --- [           main] spring.guides.hello.HelloApplication     : restTemplateBuilder
2017-03-05 23:48:36.085  INFO 50137 --- [           main] spring.guides.hello.HelloApplication     : serverProperties
2017-03-05 23:48:36.085  INFO 50137 --- [           main] spring.guides.hello.HelloApplication     : shutdownEndpoint
2017-03-05 23:48:36.085  INFO 50137 --- [           main] spring.guides.hello.HelloApplication     : simpleControllerHandlerAdapter
2017-03-05 23:48:36.085  INFO 50137 --- [           main] spring.guides.hello.HelloApplication     : spring.http.encoding-org.springframework.boot.autoconfigure.web.HttpEncodingProperties
2017-03-05 23:48:36.085  INFO 50137 --- [           main] spring.guides.hello.HelloApplication     : spring.http.multipart-org.springframework.boot.autoconfigure.web.MultipartProperties
2017-03-05 23:48:36.085  INFO 50137 --- [           main] spring.guides.hello.HelloApplication     : spring.info-org.springframework.boot.autoconfigure.info.ProjectInfoProperties
2017-03-05 23:48:36.085  INFO 50137 --- [           main] spring.guides.hello.HelloApplication     : spring.jackson-org.springframework.boot.autoconfigure.jackson.JacksonProperties
2017-03-05 23:48:36.085  INFO 50137 --- [           main] spring.guides.hello.HelloApplication     : spring.metrics.export-org.springframework.boot.actuate.metrics.export.MetricExportProperties
2017-03-05 23:48:36.085  INFO 50137 --- [           main] spring.guides.hello.HelloApplication     : spring.mvc-org.springframework.boot.autoconfigure.web.WebMvcProperties
2017-03-05 23:48:36.085  INFO 50137 --- [           main] spring.guides.hello.HelloApplication     : spring.resources-org.springframework.boot.autoconfigure.web.ResourceProperties
2017-03-05 23:48:36.085  INFO 50137 --- [           main] spring.guides.hello.HelloApplication     : standardJacksonObjectMapperBuilderCustomizer
2017-03-05 23:48:36.085  INFO 50137 --- [           main] spring.guides.hello.HelloApplication     : stringHttpMessageConverter
2017-03-05 23:48:36.085  INFO 50137 --- [           main] spring.guides.hello.HelloApplication     : systemPublicMetrics
2017-03-05 23:48:36.085  INFO 50137 --- [           main] spring.guides.hello.HelloApplication     : tomcatEmbeddedServletContainerFactory
2017-03-05 23:48:36.085  INFO 50137 --- [           main] spring.guides.hello.HelloApplication     : tomcatPublicMetrics
2017-03-05 23:48:36.085  INFO 50137 --- [           main] spring.guides.hello.HelloApplication     : traceEndpoint
2017-03-05 23:48:36.085  INFO 50137 --- [           main] spring.guides.hello.HelloApplication     : traceRepository
2017-03-05 23:48:36.085  INFO 50137 --- [           main] spring.guides.hello.HelloApplication     : viewControllerHandlerMapping
2017-03-05 23:48:36.085  INFO 50137 --- [           main] spring.guides.hello.HelloApplication     : viewResolver
2017-03-05 23:48:36.085  INFO 50137 --- [           main] spring.guides.hello.HelloApplication     : webRequestLoggingFilter
2017-03-05 23:48:36.085  INFO 50137 --- [           main] spring.guides.hello.HelloApplication     : websocketContainerCustomizer
2017-03-05 23:48:36.085  INFO 50137 --- [           main] spring.guides.hello.HelloApplication     : welcomePageHandlerMapping

