

# Spring Boot æä¾›çš„ç»„ä»¶
2017-10-03 00:05:05.901  INFO 48065 --- [           main] spring.guides.hello.HelloApplication     : Let's inspect the beans provided by Spring Boot:
# ======= å†…éƒ¨å¤„ç†ç¨‹åº =======
# å†…éƒ¨çš„é…ç½®(@Configuration)æ³¨è§£å¤„ç†ç¨‹åº(internalConfigurationAnnotationProcessor)
2017-10-03 00:05:05.901  INFO 48065 --- [           main] spring.guides.hello.HelloApplication     : org.springframework.context.annotation.internalConfigurationAnnotationProcessor
# å†…éƒ¨çš„è‡ªåŠ¨æ³¨å…¥(@Autowired)æ³¨è§£å¤„ç†ç¨‹åº(internalAutowiredAnnotationProcessor)
2017-10-03 00:05:05.901  INFO 48065 --- [           main] spring.guides.hello.HelloApplication     : org.springframework.context.annotation.internalAutowiredAnnotationProcessor
# å†…éƒ¨çš„@Requiredæ³¨è§£å¤„ç†ç¨‹åº
2017-10-03 00:05:05.901  INFO 48065 --- [           main] spring.guides.hello.HelloApplication     : org.springframework.context.annotation.internalRequiredAnnotationProcessor
# å†…éƒ¨çš„å…¬å…±æ³¨è§£å¤„ç†ç¨‹åº
2017-10-03 00:05:05.901  INFO 48065 --- [           main] spring.guides.hello.HelloApplication     : org.springframework.context.annotation.internalCommonAnnotationProcessor
# å†…éƒ¨çš„äº‹ä»¶ç›‘å¬å™¨å¤„ç†ç¨‹åº(internalEventListenerProcessor)
2017-10-03 00:05:05.901  INFO 48065 --- [           main] spring.guides.hello.HelloApplication     : org.springframework.context.event.internalEventListenerProcessor
# å†…éƒ¨çš„äº‹ä»¶ç›‘å¬å™¨å·¥å‚(internalEventListenerFactory)
2017-10-03 00:05:05.901  INFO 48065 --- [           main] spring.guides.hello.HelloApplication     : org.springframework.context.event.internalEventListenerFactory
# ======= æœ¬åº”ç”¨ =======
## æœ¬åº”ç”¨å¯åŠ¨å…¥å£
2017-10-03 00:05:05.901  INFO 48065 --- [           main] spring.guides.hello.HelloApplication     : helloApplication
# å†…éƒ¨ç¼“å­˜çš„å…ƒæ•°æ®è¯»å–ç¨‹åºå·¥å‚
2017-10-03 00:05:05.901  INFO 48065 --- [           main] spring.guides.hello.HelloApplication     : org.springframework.boot.autoconfigure.internalCachingMetadataReaderFactory
# æœ¬åº”ç”¨å®šä¹‰çš„æ§åˆ¶å™¨
2017-10-03 00:05:05.901  INFO 48065 --- [           main] spring.guides.hello.HelloApplication     : helloController
# æœ¬åº”ç”¨è‡ªå®šä¹‰çš„å‘½ä»¤è¡Œè¿è¡Œç¨‹åº(commandLineRunner)
2017-10-03 00:05:05.901  INFO 48065 --- [           main] spring.guides.hello.HelloApplication     : commandLineRunner
# è‡ªåŠ¨é…ç½®æ‰«æåŒ…è·¯å¾„é›†åˆ(AutoConfigurationPackages)
2017-10-03 00:05:05.902  INFO 48065 --- [           main] spring.guides.hello.HelloApplication     : org.springframework.boot.autoconfigure.AutoConfigurationPackages
# å±æ€§å ä½ç¬¦è‡ªåŠ¨é…ç½®(PropertyPlaceholderAutoConfiguration)
2017-10-03 00:05:05.902  INFO 48065 --- [           main] spring.guides.hello.HelloApplication     : org.springframework.boot.autoconfigure.context.PropertyPlaceholderAutoConfiguration
# ç»„ä»¶ç±»å‹æ³¨å†Œè¡¨(BeanTypeRegistry)
2017-10-03 00:05:05.902  INFO 48065 --- [           main] spring.guides.hello.HelloApplication     : org.springframework.boot.autoconfigure.condition.BeanTypeRegistry
# å±æ€§æºæ–‡ä»¶å ä½ç¬¦æ›¿æ¢é…ç½®ç¨‹åº(propertySourcesPlaceholderConfigurer)
2017-10-03 00:05:05.902  INFO 48065 --- [           main] spring.guides.hello.HelloApplication     : propertySourcesPlaceholderConfigurer
# ======= Jacksoné…ç½® =======
2017-10-03 00:05:05.902  INFO 48065 --- [           main] spring.guides.hello.HelloApplication     : org.springframework.boot.autoconfigure.jackson.JacksonAutoConfiguration$Jackson2ObjectMapperBuilderCustomizerConfiguration
2017-10-03 00:05:05.902  INFO 48065 --- [           main] spring.guides.hello.HelloApplication     : standardJacksonObjectMapperBuilderCustomizer
# Jacksonå±æ€§(JacksonProperties)
2017-10-03 00:05:05.902  INFO 48065 --- [           main] spring.guides.hello.HelloApplication     : spring.jackson-org.springframework.boot.autoconfigure.jackson.JacksonProperties
# é…ç½®å±æ€§ç»‘å®šåç½®å¤„ç†ç¨‹åº
2017-10-03 00:05:05.902  INFO 48065 --- [           main] spring.guides.hello.HelloApplication     : org.springframework.boot.context.properties.ConfigurationPropertiesBindingPostProcessor
2017-10-03 00:05:05.902  INFO 48065 --- [           main] spring.guides.hello.HelloApplication     : org.springframework.boot.context.properties.ConfigurationPropertiesBindingPostProcessor.store
2017-10-03 00:05:05.902  INFO 48065 --- [           main] spring.guides.hello.HelloApplication     : org.springframework.boot.autoconfigure.jackson.JacksonAutoConfiguration$JacksonObjectMapperBuilderConfiguration
2017-10-03 00:05:05.902  INFO 48065 --- [           main] spring.guides.hello.HelloApplication     : jacksonObjectMapperBuilder
2017-10-03 00:05:05.902  INFO 48065 --- [           main] spring.guides.hello.HelloApplication     : org.springframework.boot.autoconfigure.jackson.JacksonAutoConfiguration$JacksonObjectMapperConfiguration
# Jacksonå¯¹è±¡æ˜ å°„
2017-10-03 00:05:05.902  INFO 48065 --- [           main] spring.guides.hello.HelloApplication     : jacksonObjectMapper
# Jacksonè‡ªåŠ¨é…ç½®(JacksonAutoConfiguration)
2017-10-03 00:05:05.902  INFO 48065 --- [           main] spring.guides.hello.HelloApplication     : org.springframework.boot.autoconfigure.jackson.JacksonAutoConfiguration
2017-10-03 00:05:05.902  INFO 48065 --- [           main] spring.guides.hello.HelloApplication     : jsonComponentModule
# Tomcatå¥—æ¥å­—é…ç½®
2017-10-03 00:05:05.902  INFO 48065 --- [           main] spring.guides.hello.HelloApplication     : org.springframework.boot.autoconfigure.websocket.WebSocketAutoConfiguration$TomcatWebSocketConfiguration
# Webå¥—æ¥å­—å®¹å™¨è‡ªå®šä¹‰
2017-10-03 00:05:05.902  INFO 48065 --- [           main] spring.guides.hello.HelloApplication     : websocketContainerCustomizer
# Webå¥—æ¥å­—è‡ªåŠ¨é…ç½®
2017-10-03 00:05:05.902  INFO 48065 --- [           main] spring.guides.hello.HelloApplication     : org.springframework.boot.autoconfigure.websocket.WebSocketAutoConfiguration
# ======= åµŒå…¥çš„Servletå®¹å™¨é…ç½® =======
# åµŒå…¥çš„Tomcatå®ä¾‹
2017-10-03 00:05:05.902  INFO 48065 --- [           main] spring.guides.hello.HelloApplication     : org.springframework.boot.autoconfigure.web.EmbeddedServletContainerAutoConfiguration$EmbeddedTomcat
# åŸºäºTomcatå®ç°çš„åµŒå…¥çš„Servletå®¹å™¨å·¥å‚(tomcatEmbeddedServletContainerFactory)
2017-10-03 00:05:05.902  INFO 48065 --- [           main] spring.guides.hello.HelloApplication     : tomcatEmbeddedServletContainerFactory
# åµŒå…¥çš„Servletå®¹å™¨è‡ªåŠ¨é…ç½®(EmbeddedServletContainerAutoConfiguration)
2017-10-03 00:05:05.902  INFO 48065 --- [           main] spring.guides.hello.HelloApplication     : org.springframework.boot.autoconfigure.web.EmbeddedServletContainerAutoConfiguration
# åµŒå…¥çš„Servletå®¹å™¨è‡ªå®šä¹‰ç»„ä»¶åç½®å¤„ç†å™¨(embeddedServletContainerCustomizerBeanPostProcessor)
2017-10-03 00:05:05.902  INFO 48065 --- [           main] spring.guides.hello.HelloApplication     : embeddedServletContainerCustomizerBeanPostProcessor
# é”™è¯¯é¡µé¢æ³¨å†Œç»„ä»¶çš„åç½®å¤„ç†ç¨‹åº
2017-10-03 00:05:05.902  INFO 48065 ---  [2m[           main] spring.guides.hello.HelloApplication     : errorPageRegistrarBeanPostProcessor
# ======= è¯·æ±‚åˆ†å‘ç¨‹åº =======
# è¯·æ±‚åˆ†å‘ç¨‹åºé…ç½®(DispatcherServletConfiguration)
2017-10-03 00:05:05.903  INFO 48065 --- [           main] spring.guides.hello.HelloApplication     : org.springframework.boot.autoconfigure.web.DispatcherServletAutoConfiguration$DispatcherServletConfiguration
# è¯·æ±‚åˆ†å‘ç¨‹åº(dispatcherServlet)
2017-10-03 00:05:05.903  INFO 48065 --- [           main] spring.guides.hello.HelloApplication     : dispatcherServlet
# Web MVCå±æ€§(WebMvcProperties)
2017-10-03 00:05:05.903  INFO 48065 --- [           main] spring.guides.hello.HelloApplication     : spring.mvc-org.springframework.boot.autoconfigure.web.WebMvcProperties
# è¯·æ±‚åˆ†å‘ç¨‹åºæ³¨å†Œç»„ä»¶é…ç½®(DispatcherServletRegistrationConfiguration)
2017-10-03 00:05:05.903  INFO 48065 --- [           main] spring.guides.hello.HelloApplication     : org.springframework.boot.autoconfigure.web.DispatcherServletAutoConfiguration$DispatcherServletRegistrationConfiguration
# è¯·æ±‚åˆ†å‘ç¨‹åºæ³¨å†Œç»„ä»¶(dispatcherServletRegistration)
2017-10-03 00:05:05.903  INFO 48065 --- [           main] spring.guides.hello.HelloApplication     : dispatcherServletRegistration
# è¯·æ±‚åˆ†å‘ç¨‹åºè‡ªåŠ¨é…ç½®(DispatcherServletAutoConfiguration)
2017-10-03 00:05:05.903  INFO 48065 --- [           main] spring.guides.hello.HelloApplication     : org.springframework.boot.autoconfigure.web.DispatcherServletAutoConfiguration
# æ ¡éªŒç¨‹åºè‡ªåŠ¨é…ç½®
2017-10-03 00:05:05.903  INFO 48065 --- [           main] spring.guides.hello.HelloApplication     : org.springframework.boot.autoconfigure.validation.ValidationAutoConfiguration
# é»˜è®¤çš„æ ¡éªŒç¨‹åº(defaultValidator)
2017-10-03 00:05:05.903  INFO 48065 --- [           main] spring.guides.hello.HelloApplication     : defaultValidator
# æ–¹æ³•å‚æ•°æ ¡éªŒç¨‹åºåç½®å¤„ç†ç¨‹åº
2017-10-03 00:05:05.903  INFO 48065 --- [           main] spring.guides.hello.HelloApplication     : methodValidationPostProcessor
2017-10-03 00:05:05.903  INFO 48065 --- [           main] spring.guides.hello.HelloApplication     : org.springframework.boot.autoconfigure.web.ErrorMvcAutoConfiguration$WhitelabelErrorViewConfiguration
# ======= /error å¼‚å¸¸é”™è¯¯å“åº” =======
# é”™è¯¯å“åº”ç»„ä»¶
2017-10-03 00:05:05.903  INFO 48065 --- [           main] spring.guides.hello.HelloApplication     : error
# ç»„ä»¶åç§°è§†å›¾è§£æå™¨(beanNameViewResolver)
2017-10-03 00:05:05.903  INFO 48065 --- [           main] spring.guides.hello.HelloApplication     : beanNameViewResolver
2017-10-03 00:05:05.903  INFO 48065 --- [           main] spring.guides.hello.HelloApplication     : org.springframework.boot.autoconfigure.web.ErrorMvcAutoConfiguration$DefaultErrorViewResolverConfiguration
# åŸºäºçº¦å®šçš„é”™è¯¯è§†å›¾è§£æå™¨
2017-10-03 00:05:05.903  INFO 48065 --- [           main] spring.guides.hello.HelloApplication     : conventionErrorViewResolver
# é”™è¯¯è¯·æ±‚è‡ªåŠ¨é…ç½®
2017-10-03 00:05:05.903  INFO 48065 --- [           main] spring.guides.hello.HelloApplication     : org.springframework.boot.autoconfigure.web.ErrorMvcAutoConfiguration
# é”™è¯¯å±æ€§
2017-10-03 00:05:05.903  INFO 48065 --- [           main] spring.guides.hello.HelloApplication     : errorAttributes
# åŸºæœ¬çš„é”™è¯¯æ§åˆ¶å™¨
2017-10-03 00:05:05.903  INFO 48065 --- [           main] spring.guides.hello.HelloApplication     : basicErrorController
# é”™è¯¯é¡µé¢è‡ªå®šä¹‰
2017-10-03 00:05:05.903  INFO 48065 --- [           main] spring.guides.hello.HelloApplication     : errorPageCustomizer
# ä¿ç•™é”™è¯¯è¯·æ±‚æ§åˆ¶å™¨çš„ç›®æ ‡ç±»å‹çš„åç½®å¤„ç†ç¨‹åº
2017-10-03 00:05:05.903  INFO 48065 --- [           main] spring.guides.hello.HelloApplication     : preserveErrorControllerTargetClassPostProcessor
# ======= MVC =======
# èµ„æºæ–‡ä»¶å±æ€§(ResourceProperties)
2017-10-03 00:05:05.903  INFO 48065 --- [           main] spring.guides.hello.HelloApplication     : spring.resources-org.springframework.boot.autoconfigure.web.ResourceProperties
# å¯ç”¨Web MVCé…ç½®
2017-10-03 00:05:05.903  INFO 48065 --- [           main] spring.guides.hello.HelloApplication     : org.springframework.boot.autoconfigure.web.WebMvcAutoConfiguration$EnableWebMvcConfiguration
# è¯·æ±‚URLæ˜ å°„å¤„ç†ç¨‹åºé€‚é…å™¨(requestMappingHandlerAdapter)
2017-10-03 00:05:05.903  INFO 48065 --- [           main] spring.guides.hello.HelloApplication     : requestMappingHandlerAdapter
# è¯·æ±‚URLæ˜ å°„å¤„ç†ç¨‹åºçš„æ˜ å°„(requestMappingHandlerMapping)
2017-10-03 00:05:05.903  INFO 48065 --- [           main] spring.guides.hello.HelloApplication     : requestMappingHandlerMapping
# MVCæ ¡éªŒç¨‹åº
2017-10-03 00:05:05.903  INFO 48065 --- [           main] spring.guides.hello.HelloApplication     : mvcValidator
# MVCå†…å®¹åå•†ç®¡ç†è€…
2017-10-03 00:05:05.904  INFO 48065 --- [           main] spring.guides.hello.HelloApplication     : mvcContentNegotiationManager
# MVCè¯·æ±‚è·¯å¾„åŒ¹é…ç¨‹åº
2017-10-03 00:05:05.904  INFO 48065 --- [           main] spring.guides.hello.HelloApplication     : mvcPathMatcher
2017-10-03 00:05:05.904  INFO 48065 --- [           main] spring.guides.hello.HelloApplication     : mvcUrlPathHelper
# è§†å›¾æ§åˆ¶å™¨å¤„ç†ç¨‹åºæ˜ å°„(viewControllerHandlerMapping)
2017-10-03 00:05:05.904  INFO 48065 --- [           main] spring.guides.hello.HelloApplication     : viewControllerHandlerMapping
# ç»„ä»¶åç§°å¤„ç†ç¨‹åºæ˜ å°„
2017-10-03 00:05:05.904  INFO 48065 --- [           main] spring.guides.hello.HelloApplication     : beanNameHandlerMapping
# èµ„æºå¤„ç†ç¨‹åºæ˜ å°„
2017-10-03 00:05:05.904  INFO 48065 --- [           main] spring.guides.hello.HelloApplication     : resourceHandlerMapping
# MVCèµ„æºURLæä¾›è€…
2017-10-03 00:05:05.904  INFO 48065 --- [           main] spring.guides.hello.HelloApplication     : mvcResourceUrlProvider
# é»˜è®¤çš„Servletå¤„ç†ç¨‹åºæ˜ å°„(defaultServletHandlerMapping)
2017-10-03 00:05:05.904  INFO 48065 --- [           main] spring.guides.hello.HelloApplication     : defaultServletHandlerMapping
# MVCçº¦å®šæœåŠ¡
2017-10-03 00:05:05.904  INFO 48065 --- [           main] spring.guides.hello.HelloApplication     : mvcConversionService
# MVC URIç»„ä»¶é›†
2017-10-03 00:05:05.904  INFO 48065 --- [           main] spring.guides.hello.HelloApplication     : mvcUriComponentsContributor
# HTTPè¯·æ±‚å¤„ç†ç¨‹åºé€‚é…å™¨(httpRequestHandlerAdapter)
2017-10-03 00:05:05.904  INFO 48065 --- [           main] spring.guides.hello.HelloApplication     : httpRequestHandlerAdapter
# ç®€å•çš„æ§åˆ¶å™¨å¤„ç†ç¨‹åºé€‚é…å™¨
2017-10-03 00:05:05.904  INFO 48065 --- [           main] spring.guides.hello.HelloApplication     : simpleControllerHandlerAdapter
# å¤„ç†ç¨‹åºå¼‚å¸¸è§£æå™¨(handlerExceptionResolver)
2017-10-03 00:05:05.904  INFO 48065 --- [           main] spring.guides.hello.HelloApplication     : handlerExceptionResolver
# MVCè§†å›¾è§£æå™¨(mvcViewResolver)
2017-10-03 00:05:05.904  INFO 48065 --- [           main] spring.guides.hello.HelloApplication     : mvcViewResolver
# å›¾æ ‡é…ç½®
2017-10-03 00:05:05.904  INFO 48065 --- [           main] spring.guides.hello.HelloApplication     : org.springframework.boot.autoconfigure.web.WebMvcAutoConfiguration$WebMvcAutoConfigurationAdapter$FaviconConfiguration
# å›¾æ ‡å¤„ç†ç¨‹åºæ˜ å°„
2017-10-03 00:05:05.904  INFO 48065 --- [           main] spring.guides.hello.HelloApplication     : faviconHandlerMapping
# å›¾æ ‡è¯·æ±‚å¤„ç†ç¨‹åº
2017-10-03 00:05:05.904  INFO 48065 --- [           main] spring.guides.hello.HelloApplication     : faviconRequestHandler
# Web MVCè‡ªåŠ¨é…ç½®é€‚é…å™¨
2017-10-03 00:05:05.904  INFO 48065 --- [           main] spring.guides.hello.HelloApplication     : org.springframework.boot.autoconfigure.web.WebMvcAutoConfiguration$WebMvcAutoConfigurationAdapter
# é»˜è®¤çš„è§†å›¾è§£æå™¨
2017-10-03 00:05:05.904  INFO 48065 --- [           main] spring.guides.hello.HelloApplication     : defaultViewResolver
# è§†å›¾è§£æå™¨(viewResolver)
2017-10-03 00:05:05.905  INFO 48065 --- [           main] spring.guides.hello.HelloApplication     : viewResolver
# æ¬¢è¿é¡µé¢å¤„ç†ç¨‹åºæ˜ å°„
2017-10-03 00:05:05.905  INFO 48065 --- [           main] spring.guides.hello.HelloApplication     : welcomePageHandlerMapping
# ======= Filteræ‹¦æˆªå™¨ =======
# è¯·æ±‚ä¸Šä¸‹æ–‡æ‹¦æˆªå™¨(requestContextFilter)
2017-10-03 00:05:05.905  INFO 48065 --- [           main] spring.guides.hello.HelloApplication     : requestContextFilter
# Web MVCè‡ªåŠ¨é…ç½®(WebMvcAutoConfiguration)
2017-10-03 00:05:05.905  INFO 48065 --- [           main] spring.guides.hello.HelloApplication     : org.springframework.boot.autoconfigure.web.WebMvcAutoConfiguration
# éšè—çš„HTTPæ–¹æ³•æ‹¦æˆªå™¨
2017-10-03 00:05:05.905  INFO 48065 --- [           main] spring.guides.hello.HelloApplication     : hiddenHttpMethodFilter
# HTTP PUTè¡¨å•å†…å®¹æ‹¦æˆªå™¨
2017-10-03 00:05:05.905  INFO 48065 --- [           main] spring.guides.hello.HelloApplication     : httpPutFormContentFilter
# ======= Auditå®¡è®¡ =======
# å®¡è®¡äº‹ä»¶å­˜å‚¨åº“é…ç½®
2017-10-03 00:05:05.905  INFO 48065 --- [           main] spring.guides.hello.HelloApplication     : org.springframework.boot.actuate.autoconfigure.AuditAutoConfiguration$AuditEventRepositoryConfiguration
# å®¡è®¡äº‹ä»¶å­˜å‚¨åº“
2017-10-03 00:05:05.905  INFO 48065 --- [           main] spring.guides.hello.HelloApplication     : auditEventRepository
# å®¡è®¡è‡ªåŠ¨é…ç½®(AuditAutoConfiguration)
2017-10-03 00:05:05.905  INFO 48065 --- [           main] spring.guides.hello.HelloApplication     : org.springframework.boot.actuate.autoconfigure.AuditAutoConfiguration
# å®¡è®¡ç›‘å¬å™¨
2017-10-03 00:05:05.905  INFO 48065 --- [           main] spring.guides.hello.HelloApplication     : auditListener
# é¡¹ç›®ä¿¡æ¯è‡ªåŠ¨é…ç½®
2017-10-03 00:05:05.905  INFO 48065 --- [           main] spring.guides.hello.HelloApplication     : org.springframework.boot.autoconfigure.info.ProjectInfoAutoConfiguration
# é¡¹ç›®ä¿¡æ¯å±æ€§
2017-10-03 00:05:05.905  INFO 48065 --- [           main] spring.guides.hello.HelloApplication     : spring.info-org.springframework.boot.autoconfigure.info.ProjectInfoProperties
2017-10-03 00:05:05.905  INFO 48065 --- [           main] spring.guides.hello.HelloApplication     : org.springframework.boot.actuate.autoconfigure.InfoContributorAutoConfiguration
2017-10-03 00:05:05.905  INFO 48065 --- [           main] spring.guides.hello.HelloApplication     : envInfoContributor
2017-10-03 00:05:05.905  INFO 48065 --- [           main] spring.guides.hello.HelloApplication     : management.info-org.springframework.boot.actuate.autoconfigure.InfoContributorProperties
# ======= å¥åº·æŒ‡æ ‡ =======
# ç£ç›˜ç©ºé—´å¥åº·æŒ‡æ ‡å™¨é…ç½®
2017-10-03 00:05:05.905  INFO 48065 --- [           main] spring.guides.hello.HelloApplication     : org.springframework.boot.actuate.autoconfigure.HealthIndicatorAutoConfiguration$DiskSpaceHealthIndicatorConfiguration
# ç£ç›˜ç©ºé—´å¥åº·æŒ‡ç¤ºå™¨
2017-10-03 00:05:05.905  INFO 48065 --- [           main] spring.guides.hello.HelloApplication     : diskSpaceHealthIndicator
# ç£ç›˜ç©ºé—´å¥åº·æŒ‡ç¤ºå™¨é…ç½®å±æ€§
2017-10-03 00:05:05.905  INFO 48065 --- [           main] spring.guides.hello.HelloApplication     : diskSpaceHealthIndicatorProperties
# å¥åº·æŒ‡æ ‡å™¨è‡ªåŠ¨é…ç½®
2017-10-03 00:05:05.905  INFO 48065 --- [           main] spring.guides.hello.HelloApplication     : org.springframework.boot.actuate.autoconfigure.HealthIndicatorAutoConfiguration
# å¥åº·æŒ‡æ ‡èšåˆå™¨
2017-10-03 00:05:05.905  INFO 48065 --- [           main] spring.guides.hello.HelloApplication     : healthAggregator
# å¥åº·æŒ‡æ ‡å™¨é…ç½®å±æ€§
2017-10-03 00:05:05.905  INFO 48065 --- [           main] spring.guides.hello.HelloApplication     : management.health.status-org.springframework.boot.actuate.autoconfigure.HealthIndicatorProperties
# å¿«é€ŸæŒ‡æ ‡æœåŠ¡é›†é…ç½®
2017-10-03 00:05:05.905  INFO 48065 --- [           main] spring.guides.hello.HelloApplication     : org.springframework.boot.actuate.autoconfigure.MetricRepositoryAutoConfiguration$FastMetricServicesConfiguration
# è®¡æ•°å™¨ç¼“å†²åŒºåˆ—è¡¨
2017-10-03 00:05:05.905  INFO 48065 --- [           main] spring.guides.hello.HelloApplication     : counterBuffers
# æµ‹é‡ç¼“å†²åŒºåˆ—è¡¨
2017-10-03 00:05:05.905  INFO 48065 --- [           main] spring.guides.hello.HelloApplication     : gaugeBuffers
# æ‰§è¡Œå™¨æŒ‡æ ‡åº¦é‡è¯»å–ç¨‹åº
2017-10-03 00:05:05.905  INFO 48065 --- [           main] spring.guides.hello.HelloApplication     : actuatorMetricReader
# è®¡æ•°å™¨æœåŠ¡
2017-10-03 00:05:05.905  INFO 48065 --- [           main] spring.guides.hello.HelloApplication     : counterService
# æµ‹é‡æœåŠ¡
2017-10-03 00:05:05.906  INFO 48065 --- [           main] spring.guides.hello.HelloApplication     : gaugeService
# æŒ‡æ ‡å­˜å‚¨åº“è‡ªåŠ¨é…ç½®
2017-10-03 00:05:05.906  INFO 48065 --- [           main] spring.guides.hello.HelloApplication     : org.springframework.boot.actuate.autoconfigure.MetricRepositoryAutoConfiguration
# ======= JMX =======
# JMXè‡ªåŠ¨é…ç½®
2017-10-03 00:05:05.906  INFO 48065 --- [           main] spring.guides.hello.HelloApplication     : org.springframework.boot.autoconfigure.jmx.JmxAutoConfiguration
# JMXç»„ä»¶å¯¼å‡ºç¨‹åº
2017-10-03 00:05:05.906  INFO 48065 --- [           main] spring.guides.hello.HelloApplication     : mbeanExporter
# å¯¹è±¡å‘½åç­–ç•¥
2017-10-03 00:05:05.906  INFO 48065 --- [           main] spring.guides.hello.HelloApplication     : objectNamingStrategy
# JMXç»„ä»¶æœåŠ¡å™¨
2017-10-03 00:05:05.906  INFO 48065 --- [           main] spring.guides.hello.HelloApplication     : mbeanServer
# TomcatæŒ‡æ ‡é›†é…ç½®
2017-10-03 00:05:05.906  INFO 48065 --- [           main] spring.guides.hello.HelloApplication     : org.springframework.boot.actuate.autoconfigure.PublicMetricsAutoConfiguration$TomcatMetricsConfiguration
# Tomcatå®ä¾‹çš„å…¬å¼€æŒ‡æ ‡
2017-10-03 00:05:05.906  INFO 48065 --- [           main] spring.guides.hello.HelloApplication     : tomcatPublicMetrics
# å…¬å¼€æŒ‡æ ‡è‡ªåŠ¨é…ç½®
2017-10-03 00:05:05.906  INFO 48065 --- [           main] spring.guides.hello.HelloApplication     : org.springframework.boot.actuate.autoconfigure.PublicMetricsAutoConfiguration
# ç³»ç»Ÿçš„å…¬å¼€æŒ‡æ ‡
2017-10-03 00:05:05.906  INFO 48065 --- [           main] spring.guides.hello.HelloApplication     : systemPublicMetrics
# å…¬å¼€æŒ‡æ ‡çš„æŒ‡æ ‡è¯»å–ç¨‹åº
2017-10-03 00:05:05.907  INFO 48065 --- [           main] spring.guides.hello.HelloApplication     : metricReaderPublicMetrics
# ======= ç«¯ç‚¹/Endpoint =======
# è¯·æ±‚æ˜ å°„ç«¯ç‚¹é…ç½®
2017-10-03 00:05:05.907  INFO 48065 --- [           main] spring.guides.hello.HelloApplication     : org.springframework.boot.actuate.autoconfigure.EndpointAutoConfiguration$RequestMappingEndpointConfiguration
# è¯·æ±‚URLæ˜ å°„ç«¯ç‚¹(requestMappingEndpoint)
2017-10-03 00:05:05.907  INFO 48065 --- [           main] spring.guides.hello.HelloApplication     : requestMappingEndpoint
# ç«¯ç‚¹è‡ªåŠ¨é…ç½®(EndpointAutoConfiguration)
2017-10-03 00:05:05.907  INFO 48065 --- [           main] spring.guides.hello.HelloApplication     : org.springframework.boot.actuate.autoconfigure.EndpointAutoConfiguration
# å…¬å¼€å¯é…ç½®ç¯å¢ƒä¿¡æ¯çš„ç«¯ç‚¹
2017-10-03 00:05:05.907  INFO 48065 --- [           main] spring.guides.hello.HelloApplication     : environmentEndpoint
# å¥åº·æŒ‡æ ‡ç«¯ç‚¹(healthEndpoint)
2017-10-03 00:05:05.907  INFO 48065 --- [           main] spring.guides.hello.HelloApplication     : healthEndpoint
# æ³¨å…¥çš„ç»„ä»¶åˆ—è¡¨ç«¯ç‚¹(beansEndpoint)
2017-10-03 00:05:05.907  INFO 48065 --- [           main] spring.guides.hello.HelloApplication     : beansEndpoint
# å…¬å¼€ä»»æ„åº”ç”¨ä¿¡æ¯çš„ç«¯ç‚¹
2017-10-03 00:05:05.907  INFO 48065 --- [           main] spring.guides.hello.HelloApplication     : infoEndpoint
# æ—¥å¿—è®°å½•å™¨ç«¯ç‚¹(loggersEndpoint)
2017-10-03 00:05:05.907  INFO 48065 --- [           main] spring.guides.hello.HelloApplication     : loggersEndpoint
# å…¬å¼€æŒ‡æ ‡æ•°æ®é›†ç«¯ç‚¹(metricsEndpoint)
2017-10-03 00:05:05.907  INFO 48065 --- [           main] spring.guides.hello.HelloApplication     : metricsEndpoint
# è¯·æ±‚è·Ÿè¸ªç«¯ç‚¹
2017-10-03 00:05:05.907  INFO 48065 --- [           main] spring.guides.hello.HelloApplication     : traceEndpoint
# å…¬å¼€çº¿ç¨‹ä¿¡æ¯çš„è½¬å‚¨ç«¯ç‚¹(dumpEndpoint)
2017-10-03 00:05:05.907  INFO 48065 --- [           main] spring.guides.hello.HelloApplication     : dumpEndpoint
# è‡ªåŠ¨é…ç½®æ±‡æŠ¥ç«¯ç‚¹(autoConfigurationReportEndpoint)
2017-10-03 00:05:05.907  INFO 48065 --- [           main] spring.guides.hello.HelloApplication     : autoConfigurationReportEndpoint
# åº”ç”¨å…³é—­ç«¯ç‚¹(shutdownEndpoint)
2017-10-03 00:05:05.907  INFO 48065 --- [           main] spring.guides.hello.HelloApplication     : shutdownEndpoint
# é…ç½®å±æ€§æ±‡æŠ¥ç«¯ç‚¹
2017-10-03 00:05:05.907  INFO 48065 --- [           main] spring.guides.hello.HelloApplication     : configurationPropertiesReportEndpoint
# ç«¯ç‚¹é…ç½®å±æ€§
2017-10-03 00:05:05.907  INFO 48065 --- [           main] spring.guides.hello.HelloApplication     : endpoints-org.springframework.boot.actuate.endpoint.EndpointProperties
# JMXç»„ä»¶å…¬å¼€ç«¯ç‚¹è‡ªåŠ¨é…ç½®
2017-10-03 00:05:05.907  INFO 48065 --- [           main] spring.guides.hello.HelloApplication     : org.springframework.boot.actuate.autoconfigure.EndpointMBeanExportAutoConfiguration
# ç«¯ç‚¹JMXç»„ä»¶å¯¼å‡ºç¨‹åº(endpointMBeanExporter)
2017-10-03 00:05:05.907  INFO 48065 --- [           main] spring.guides.hello.HelloApplication     : endpointMBeanExporter
# å®¡è®¡äº‹ä»¶æ•°æ®ç«¯ç‚¹
2017-10-03 00:05:05.907  INFO 48065 --- [           main] spring.guides.hello.HelloApplication     : auditEventsEndpoint
# ç«¯ç‚¹JMXç»„ä»¶å¯¼å‡ºé…ç½®å±æ€§
2017-10-03 00:05:05.907  INFO 48065 --- [           main] spring.guides.hello.HelloApplication     : endpoints.jmx-org.springframework.boot.actuate.autoconfigure.EndpointMBeanExportProperties
# ======= æœåŠ¡å™¨å±æ€§ =======
# JMXç®¡ç†æœåŠ¡å™¨å±æ€§è‡ªåŠ¨é…ç½®
2017-10-03 00:05:05.907  INFO 48065 --- [           main] spring.guides.hello.HelloApplication     : org.springframework.boot.autoconfigure.web.ServerPropertiesAutoConfiguration
# æœåŠ¡å™¨å±æ€§
2017-10-03 00:05:05.907  INFO 48065 --- [           main] spring.guides.hello.HelloApplication     : serverProperties
# é‡å¤çš„æœåŠ¡å™¨é…ç½®å±æ€§æ£€æµ‹ç¨‹åº
2017-10-03 00:05:05.907  INFO 48065 --- [           main] spring.guides.hello.HelloApplication     : duplicateServerPropertiesDetector
# JMXç®¡ç†æœåŠ¡å™¨å±æ€§è‡ªåŠ¨é…ç½®
2017-10-03 00:05:05.907  INFO 48065 --- [           main] spring.guides.hello.HelloApplication     : org.springframework.boot.actuate.autoconfigure.ManagementServerPropertiesAutoConfiguration
# JMXç®¡ç†Servleté…ç½®å±æ€§
2017-10-03 00:05:05.907  INFO 48065 --- [           main] spring.guides.hello.HelloApplication     : managementServerProperties
# ======= HTTPè¯·æ±‚ =======
# å­—ç¬¦ä¸²HTTPæ¶ˆæ¯è½¬æ¢ç¨‹åºé…ç½®
2017-10-03 00:05:05.907  INFO 48065 --- [           main] spring.guides.hello.HelloApplication     : org.springframework.boot.autoconfigure.web.HttpMessageConvertersAutoConfiguration$StringHttpMessageConverterConfiguration
# å­—ç¬¦ä¸²HTTPæ¶ˆæ¯è½¬æ¢ç¨‹åº(stringHttpMessageConverter-æ³¨æ„'UTF-8'ç¼–ç )
2017-10-03 00:05:05.907  INFO 48065 --- [           main] spring.guides.hello.HelloApplication     : stringHttpMessageConverter
# HTTPç¼–ç å±æ€§(HttpEncodingProperties)
2017-10-03 00:05:05.907  INFO 48065 --- [           main] spring.guides.hello.HelloApplication     : spring.http.encoding-org.springframework.boot.autoconfigure.web.HttpEncodingProperties
2017-10-03 00:05:05.907  INFO 48065 --- [           main] spring.guides.hello.HelloApplication     : org.springframework.boot.autoconfigure.web.JacksonHttpMessageConvertersConfiguration$MappingJackson2HttpMessageConverterConfiguration
# Jackson <-> HTTPæ¶ˆæ¯è½¬æ¢ç¨‹åº
2017-10-03 00:05:05.907  INFO 48065 --- [           main] spring.guides.hello.HelloApplication     : mappingJackson2HttpMessageConverter
2017-10-03 00:05:05.907  INFO 48065 --- [           main] spring.guides.hello.HelloApplication     : org.springframework.boot.autoconfigure.web.JacksonHttpMessageConvertersConfiguration
# HTTPæ¶ˆæ¯è½¬æ¢ç¨‹åºé›†è‡ªåŠ¨é…ç½®
2017-10-03 00:05:05.907  INFO 48065 --- [           main] spring.guides.hello.HelloApplication      [2m: org.springframework.boot.autoconfigure.web.HttpMessageConvertersAutoConfiguration
# æ¶ˆæ¯è½¬æ¢ç¨‹åºåˆ—è¡¨(messageConverters)
2017-10-03 00:05:05.907  INFO 48065 --- [           main] spring.guides.hello.HelloApplication     : messageConverters
# ======= MVCç«¯ç‚¹/Endpoint =======
# JMXæœåŠ¡å™¨ä¸Šä¸‹æ–‡çš„Web MVCç«¯ç‚¹é…ç½®
2017-10-03 00:05:05.907  INFO 48065 --- [           main] spring.guides.hello.HelloApplication     : org.springframework.boot.actuate.autoconfigure.EndpointWebMvcManagementContextConfiguration
# ç«¯ç‚¹å¤„ç†ç¨‹åºæ˜ å°„(endpointHandlerMapping)
2017-10-03 00:05:05.907  INFO 48065 --- [           main] spring.guides.hello.HelloApplication     : endpointHandlerMapping
# ä»¥MVCæ–¹å¼å…¬å¼€çš„ç«¯ç‚¹(mvcEndpoints)
2017-10-03 00:05:05.907  INFO 48065 --- [           main] spring.guides.hello.HelloApplication     : mvcEndpoints
# å…¬å¼€å¯é…ç½®ç¯å¢ƒä¿¡æ¯çš„MVCç«¯ç‚¹
2017-10-03 00:05:05.907  INFO 48065 --- [           main] spring.guides.hello.HelloApplication     : environmentMvcEndpoint
# å †å†…å­˜è½¬å‚¨çš„MVCç«¯ç‚¹(heapdumpMvcEndpoint)
2017-10-03 00:05:05.907  INFO 48065 --- [           main] spring.guides.hello.HelloApplication     : heapdumpMvcEndpoint
# å¥åº·æŒ‡æ ‡çš„MVCç«¯ç‚¹
2017-10-03 00:05:05.907  INFO 48065 --- [           main] spring.guides.hello.HelloApplication     : healthMvcEndpoint
# æ—¥å¿—è®°å½•å™¨çš„MVCç«¯ç‚¹
2017-10-03 00:05:05.907  INFO 48065 --- [           main] spring.guides.hello.HelloApplication     : loggersMvcEndpoint
# å…¬å¼€æŒ‡æ ‡æ•°æ®é›†çš„MVCç«¯ç‚¹
2017-10-03 00:05:05.907  INFO 48065 --- [           main] spring.guides.hello.HelloApplication     : metricsMvcEndpoint
# å®¡è®¡äº‹ä»¶çš„MVCç«¯ç‚¹
2017-10-03 00:05:05.907  INFO 48065 --- [           main] spring.guides.hello.HelloApplication     : auditEventMvcEndpoint
# ======= MVCç«¯ç‚¹å±æ€§ =======
# å¥åº·ç«¯ç‚¹çš„MVCé…ç½®å±æ€§
2017-10-03 00:05:05.907  INFO 48065 --- [           main] spring.guides.hello.HelloApplication     : endpoints.health-org.springframework.boot.actuate.autoconfigure.HealthMvcEndpointProperties
# ç«¯ç‚¹CORSé…ç½®å±æ€§
2017-10-03 00:05:05.907  INFO 48065 --- [           main] spring.guides.hello.HelloApplication     : endpoints.cors-org.springframework.boot.actuate.autoconfigure.EndpointCorsProperties
# Web MVCç«¯ç‚¹é…ç½®
2017-10-03 00:05:05.908  INFO 48065 --- [           main] spring.guides.hello.HelloApplication     : org.springframework.boot.actuate.autoconfigure.EndpointWebMvcAutoConfiguration$EndpointWebMvcConfiguration
# åº”ç”¨ä¸Šä¸‹æ–‡IDæ‹¦æˆªå™¨é…ç½®
2017-10-03 00:05:05.909  INFO 48065 --- [           main] spring.guides.hello.HelloApplication     : org.springframework.boot.actuate.autoconfigure.EndpointWebMvcAutoConfiguration$ApplicationContextFilterConfiguration
# åº”ç”¨ä¸Šä¸‹æ–‡IDæ‹¦æˆªå™¨
2017-10-03 00:05:05.909  INFO 48065 --- [           main] spring.guides.hello.HelloApplication     : applicationContextIdFilter
# Web MVCç«¯ç‚¹è‡ªåŠ¨é…ç½®(EndpointWebMvcAutoConfiguration)
2017-10-03 00:05:05.909  INFO 48065 --- [           main] spring.guides.hello.HelloApplication     : org.springframework.boot.actuate.autoconfigure.EndpointWebMvcAutoConfiguration
# JMXç®¡ç†æœåŠ¡å™¨ä¸Šä¸‹æ–‡è§£æå™¨
2017-10-03 00:05:05.909  INFO 48065 --- [           main] spring.guides.hello.HelloApplication     : managementContextResolver
# JMXç®¡ç†Servletä¸Šä¸‹æ–‡
2017-10-03 00:05:05.909  INFO 48065 --- [           main] spring.guides.hello.HelloApplication     : managementServletContext
# æŒ‡æ ‡å…¬å¼€å±æ€§é…ç½®
2017-10-03 00:05:05.909  INFO 48065 --- [           main] spring.guides.hello.HelloApplication     : org.springframework.boot.actuate.autoconfigure.MetricExportAutoConfiguration$MetricExportPropertiesConfiguration
# æŒ‡æ ‡å…¬å¼€å±æ€§(MetricExportProperties)
2017-10-03 00:05:05.909  INFO 48065 --- [           main] spring.guides.hello.HelloApplication     : spring.metrics.export-org.springframework.boot.actuate.metrics.export.MetricExportProperties
# StatsdæŒ‡æ ‡é…ç½®
2017-10-03 00:05:05.909  INFO 48065 --- [           main] spring.guides.hello.HelloApplication     : org.springframework.boot.actuate.autoconfigure.MetricExportAutoConfiguration$StatsdConfiguration
# å®šæ—¶è°ƒåº¦ä»»åŠ¡é…ç½®
2017-10-03 00:05:05.909  INFO 48065 --- [           main] spring.guides.hello.HelloApplication     : org.springframework.scheduling.annotation.SchedulingConfiguration
# å†…éƒ¨çš„å®šæ—¶è°ƒåº¦(@Scheduled)æ³¨è§£å¤„ç†ç¨‹åº(internalScheduledAnnotationProcessor)
2017-10-03 00:05:05.909  INFO 48065 --- [           main] spring.guides.hello.HelloApplication     : org.springframework.context.annotation.internalScheduledAnnotationProcessor
# æŒ‡æ ‡å…¬å¼€è‡ªåŠ¨é…ç½®(MetricExportAutoConfiguration)
2017-10-03 00:05:05.909  INFO 48065 --- [           main] spring.guides.hello.HelloApplication     : org.springframework.boot.actuate.autoconfigure.MetricExportAutoConfiguration
# æŒ‡æ ‡æ±‡æŠ¥çš„æŒ‡æ ‡å†™å…¥ç¨‹åº
2017-10-03 00:05:05.909  INFO 48065 --- [           main] spring.guides.hello.HelloApplication     : metricWritersMetricExporter
# æŒ‡æ ‡æ‹¦æˆªå™¨è‡ªåŠ¨é…ç½®
2017-10-03 00:05:05.909  INFO 48065 --- [           main] spring.guides.hello.HelloApplication     : org.springframework.boot.actuate.autoconfigure.MetricFilterAutoConfiguration
# å…¬å¼€æŒ‡æ ‡æ•°æ®é›†æ‹¦æˆªå™¨
2017-10-03 00:05:05.909  INFO 48065 --- [           main] spring.guides.hello.HelloApplication     : metricsFilter
# è¯·æ±‚æŒ‡æ ‡åº¦é‡æ‹¦æˆªå™¨é…ç½®å±æ€§
2017-10-03 00:05:05.909  INFO 48065 --- [           main] spring.guides.hello.HelloApplication     : endpoints.metrics.filter-org.springframework.boot.actuate.autoconfigure.MetricFilterProperties
# è·Ÿè¸ªå­˜å‚¨åº“è‡ªåŠ¨é…ç½®
2017-10-03 00:05:05.909  INFO 48065 --- [           main] spring.guides.hello.HelloApplication     : org.springframework.boot.actuate.autoconfigure.TraceRepositoryAutoConfiguration
# è¯·æ±‚è·Ÿè¸ªå­˜å‚¨åº“
2017-10-03 00:05:05.909  INFO 48065 --- [           main] spring.guides.hello.HelloApplication     : traceRepository
# Webè¯·æ±‚è·Ÿè¸ªæ‹¦æˆªå™¨è‡ªåŠ¨é…ç½®
2017-10-03 00:05:05.909  INFO 48065 --- [           main] spring.guides.hello.HelloApplication     : org.springframework.boot.actuate.autoconfigure.TraceWebFilterAutoConfiguration
# Webè¯·æ±‚æ—¥å¿—è®°å½•æ‹¦æˆªå™¨(webRequestLoggingFilter)
2017-10-03 00:05:05.909  INFO 48065 --- [           main] spring.guides.hello.HelloApplication     : webRequestLoggingFilter
# è¯·æ±‚è·Ÿè¸ªé…ç½®å±æ€§
2017-10-03 00:05:05.909  INFO 48065 --- [           main] spring.guides.hello.HelloApplication     : management.trace-org.springframework.boot.actuate.trace.TraceProperties
# ä¸Šä¸‹æ–‡é…ç½®å±æ€§è‡ªåŠ¨é…ç½®(ConfigurationPropertiesAutoConfiguration)
2017-10-03 00:05:05.909  INFO 48065 --- [           main] spring.guides.hello.HelloApplication     : org.springframework.boot.autoconfigure.context.ConfigurationPropertiesAutoConfiguration
# HTTPè¯·æ±‚ç¼–ç è‡ªåŠ¨é…ç½®
2017-10-03 00:05:05.909  INFO 48065 --- [           main] spring.guides.hello.HelloApplication     : org.springframework.boot.autoconfigure.web.HttpEncodingAutoConfiguration
# å­—ç¬¦ç¼–ç æ‹¦æˆªå™¨
2017-10-03 00:05:05.909  INFO 48065 --- [           main] spring.guides.hello.HelloApplication     : characterEncodingFilter
# åŒºåŸŸå­—ç¬¦é›†æ˜ å°„å…³ç³»è‡ªå®šä¹‰
2017-10-03 00:05:05.909  INFO 48065 --- [           main] spring.guides.hello.HelloApplication     : localeCharsetMappingsCustomizer
# å¤šä¸ªéƒ¨åˆ†è¯·æ±‚è‡ªåŠ¨é…ç½®
2017-10-03 00:05:05.909  INFO 48065 --- [           main] spring.guides.hello.HelloApplication     : org.springframework.boot.autoconfigure.web.MultipartAutoConfiguration
# å¤šä¸ªéƒ¨åˆ†é…ç½®å…ƒç´ 
2017-10-03 00:05:05.909  INFO 48065 --- [           main] spring.guides.hello.HelloApplication     : multipartConfigElement
# å¤šä¸ªéƒ¨åˆ†è§£æå™¨
2017-10-03 00:05:05.909  INFO 48065 --- [           main] spring.guides.hello.HelloApplication     : multipartResolver
# å¤šä¸ªéƒ¨åˆ†å†…å®¹å±æ€§
2017-10-03 00:05:05.909  INFO 48065 --- [           main] spring.guides.hello.HelloApplication     : spring.http.multipart-org.springframework.boot.autoconfigure.web.MultipartProperties
# ======= Rest =======
# Resté£æ ¼çš„è¯·æ±‚æ¨¡æ¿é…ç½®
2017-10-03 00:05:05.909  INFO 48065 --- [           main] spring.guides.hello.HelloApplication     : org.springframework.boot.autoconfigure.web.WebClientAutoConfiguration$RestTemplateConfiguration
# Resté£æ ¼è¯·æ±‚æ¨¡æ¿çš„æ„å»ºè€…
2017-10-03 00:05:05.909  INFO 48065 --- [           main] spring.guides.hello.HelloApplication     : restTemplateBuilder
2017-03-05 23:48:36.080  INFO 50137 --- [           main] spring.guides.hello.HelloApplication     : org.springframework.boot.autoconfigure.web.WebClientAutoConfiguration
2017-10-03 00:05:05.909  INFO 48065 --- [           main] spring.guides.hello.HelloApplication     : org.springframework.boot.autoconfigure.web.WebClientAutoConfiguration

